<?xml version="1.0" encoding="UTF-8"?>
<testsuite xmlns:xsi="http://www.w3.org/2001/XMLSchema-instance" xsi:noNamespaceSchemaLocation="https://maven.apache.org/surefire/maven-surefire-plugin/xsd/surefire-test-report-3.0.xsd" version="3.0" name="SmartLoanApprovalTest" time="0.058" tests="11" errors="0" skipped="0" failures="0">
  <properties>
[...]
</properties>
  <testcase name="testHighDebtToIncomeRatio" classname="SmartLoanApprovalTest" time="0.021"/>
  <testcase name="testDTICalculation" classname="SmartLoanApprovalTest" time="0.004"/>
  <testcase name="testMinimumAgeBoundary" classname="SmartLoanApprovalTest" time="0.001"/>
  <testcase name="testLoanAmountExceedsLimit" classname="SmartLoanApprovalTest" time="0.001"/>
  <testcase name="testEMICalculation" classname="SmartLoanApprovalTest" time="0.004"/>
  <testcase name="testLowRiskApprovedCustomer" classname="SmartLoanApprovalTest" time="0.0"/>
  <testcase name="testInvalidIncome" classname="SmartLoanApprovalTest" time="0.0"/>
  <testcase name="testInvalidEmploymentType" classname="SmartLoanApprovalTest" time="0.001"/>
  <testcase name="testMultipleFailures" classname="SmartLoanApprovalTest" time="0.001"/>
  <testcase name="testInvalidCreditScore" classname="SmartLoanApprovalTest" time="0.0"/>
  <testcase name="testPoorCreditScore" classname="SmartLoanApprovalTest" time="0.0"/>
</testsuite>